Defaulting to user installation because normal site-packages is not writeable
Requirement already satisfied: torch in /global/homes/s/samyak09/.local/perlmutter/python-3.11/lib/python3.11/site-packages (2.4.0)
Requirement already satisfied: filelock in /global/homes/s/samyak09/.local/perlmutter/python-3.11/lib/python3.11/site-packages (from torch) (3.15.4)
Requirement already satisfied: typing-extensions>=4.8.0 in /global/common/software/nersc/pe/conda-envs/24.1.0/python-3.11/nersc-python/lib/python3.11/site-packages (from torch) (4.9.0)
Requirement already satisfied: sympy in /global/common/software/nersc/pe/conda-envs/24.1.0/python-3.11/nersc-python/lib/python3.11/site-packages (from torch) (1.12)
Requirement already satisfied: networkx in /global/common/software/nersc/pe/conda-envs/24.1.0/python-3.11/nersc-python/lib/python3.11/site-packages (from torch) (3.2.1)
Requirement already satisfied: jinja2 in /global/common/software/nersc/pe/conda-envs/24.1.0/python-3.11/nersc-python/lib/python3.11/site-packages (from torch) (3.1.2)
Requirement already satisfied: fsspec in /global/common/software/nersc/pe/conda-envs/24.1.0/python-3.11/nersc-python/lib/python3.11/site-packages (from torch) (2023.12.2)
Requirement already satisfied: nvidia-cuda-nvrtc-cu12==12.1.105 in /global/homes/s/samyak09/.local/perlmutter/python-3.11/lib/python3.11/site-packages (from torch) (12.1.105)
Requirement already satisfied: nvidia-cuda-runtime-cu12==12.1.105 in /global/homes/s/samyak09/.local/perlmutter/python-3.11/lib/python3.11/site-packages (from torch) (12.1.105)
Requirement already satisfied: nvidia-cuda-cupti-cu12==12.1.105 in /global/homes/s/samyak09/.local/perlmutter/python-3.11/lib/python3.11/site-packages (from torch) (12.1.105)
Requirement already satisfied: nvidia-cudnn-cu12==9.1.0.70 in /global/homes/s/samyak09/.local/perlmutter/python-3.11/lib/python3.11/site-packages (from torch) (9.1.0.70)
Requirement already satisfied: nvidia-cublas-cu12==12.1.3.1 in /global/homes/s/samyak09/.local/perlmutter/python-3.11/lib/python3.11/site-packages (from torch) (12.1.3.1)
Requirement already satisfied: nvidia-cufft-cu12==11.0.2.54 in /global/homes/s/samyak09/.local/perlmutter/python-3.11/lib/python3.11/site-packages (from torch) (11.0.2.54)
Requirement already satisfied: nvidia-curand-cu12==10.3.2.106 in /global/homes/s/samyak09/.local/perlmutter/python-3.11/lib/python3.11/site-packages (from torch) (10.3.2.106)
Requirement already satisfied: nvidia-cusolver-cu12==11.4.5.107 in /global/homes/s/samyak09/.local/perlmutter/python-3.11/lib/python3.11/site-packages (from torch) (11.4.5.107)
Requirement already satisfied: nvidia-cusparse-cu12==12.1.0.106 in /global/homes/s/samyak09/.local/perlmutter/python-3.11/lib/python3.11/site-packages (from torch) (12.1.0.106)
Requirement already satisfied: nvidia-nccl-cu12==2.20.5 in /global/homes/s/samyak09/.local/perlmutter/python-3.11/lib/python3.11/site-packages (from torch) (2.20.5)
Requirement already satisfied: nvidia-nvtx-cu12==12.1.105 in /global/homes/s/samyak09/.local/perlmutter/python-3.11/lib/python3.11/site-packages (from torch) (12.1.105)
Requirement already satisfied: triton==3.0.0 in /global/homes/s/samyak09/.local/perlmutter/python-3.11/lib/python3.11/site-packages (from torch) (3.0.0)
Requirement already satisfied: nvidia-nvjitlink-cu12 in /global/homes/s/samyak09/.local/perlmutter/python-3.11/lib/python3.11/site-packages (from nvidia-cusolver-cu12==11.4.5.107->torch) (12.6.68)
Requirement already satisfied: MarkupSafe>=2.0 in /global/common/software/nersc/pe/conda-envs/24.1.0/python-3.11/nersc-python/lib/python3.11/site-packages (from jinja2->torch) (2.1.3)
Requirement already satisfied: mpmath>=0.19 in /global/common/software/nersc/pe/conda-envs/24.1.0/python-3.11/nersc-python/lib/python3.11/site-packages (from sympy->torch) (1.3.0)
Defaulting to user installation because normal site-packages is not writeable
Requirement already satisfied: deap in /global/homes/s/samyak09/.local/perlmutter/python-3.11/lib/python3.11/site-packages (1.4.1)
Requirement already satisfied: numpy in /global/common/software/nersc/pe/conda-envs/24.1.0/python-3.11/nersc-python/lib/python3.11/site-packages (from deap) (1.26.3)
False
False
Currently running file index :-  0
1000000
Length of seed expression array :- 73
num_cores  128
73 69
gen	nevals	avg       	std        	min       	max       
0  	0     	7.1722e+11	7.13625e+12	0.00712237	7.1722e+13
1  	51    	0.798912  	4.38771    	0.00712237	38.4174   
2  	68    	5.9245    	41.0743    	0.00601448	400.3     
3  	59    	325.017   	2776.95    	0.00540811	27780.1   
4  	52    	416.969   	4001.81    	0.00540806	40222.3   
5  	65    	215.024   	2111.62    	0.00509273	21224.1   
6  	55    	10.2928   	68.459     	0.00493161	615.557   
7  	64    	1.69775   	10.6597    	0.00493161	103.631   
8  	57    	1.3769    	10.5413    	0.00493216	104.295   
9  	62    	0.555489  	2.32515    	0.00493227	19.018    
10 	57    	5.50572   	34.9763    	0.00463413	337.674   
11 	68    	300.02    	2768.15    	0.00072271	27781.5   
12 	50    	2745.39   	27280.5    	0.000712226	274183    
13 	66    	213.898   	1676.6     	0.000712226	16397.1   
14 	63    	6.80213   	28.1338    	0.000712226	204.779   
15 	62    	37.2352   	180.131    	0.000712226	1488.11   
Best individual: protected_div(protected_div(tanh(mul(pi, pi)), 2), mul(protected_exp(s_1), abs(1)))
Fitness: (0.0007122257450287775,)
R2_score with noisy data: 0.999997110334634
R2_score with original data: 0.9999972793671458
Currently running file index :-  1
1000000
Length of seed expression array :- 74
num_cores  128
74 68
gen	nevals	avg        	std        	min     	max        
0  	0     	9.99998e+11	9.94986e+12	0.258109	9.99998e+13
1  	52    	31218.2    	309781     	0.258109	3.1135e+06 
2  	69    	62618.9    	435848     	0.258109	3.1135e+06 
3  	61    	755493     	7.17237e+06	0.258109	7.20523e+07
4  	55    	932276     	7.34632e+06	0.258109	7.20523e+07
5  	62    	771106     	7.17779e+06	0.258109	7.20523e+07
6  	61    	1.02735e+82	1.0222e+83 	0.258109	1.02735e+84
7  	56    	7.88436e+11	7.84185e+12	0.258109	7.88139e+13
8  	54    	5.14104e+39	5.11527e+40	0.258109	5.14104e+41
9  	59    	inf        	nan        	0.258109	inf        
10 	48    	2.09168e+75	2.0812e+76 	0.258109	2.09168e+77
11 	73    	inf        	nan        	0.258109	inf        
12 	52    	inf        	nan        	0.258109	inf        
13 	71    	inf        	nan        	0.258109	inf        
14 	67    	3.57831e+68	3.56037e+69	0.258109	3.57831e+70
15 	51    	inf        	nan        	0.258109	inf        
Best individual: mul(s_1, mul(s_2, 1))
Fitness: (0.25810856408903005,)
R2_score with noisy data: 0.9999997997271576
R2_score with original data: 1.0
Currently running file index :-  2
1000000
Length of seed expression array :- 75
num_cores  128
75 56
gen	nevals	avg       	std        	min    	max       
0  	0     	7.8634e+11	7.82398e+12	622.426	7.8634e+13
1  	52    	7.8634e+11	7.82398e+12	624.898	7.8634e+13
2  	63    	2.79303e+15	2.77903e+16	576.846	2.79303e+17
3  	57    	6.45702e+81	6.11163e+82	576.846	6.13733e+83
4  	60    	1.391e+82  	9.24136e+82	652.787	8.24804e+83
5  	67    	2.35946e+82	1.69788e+83	642.426	1.63221e+84
6  	62    	1.25807e+100	1.25176e+101	397.177	1.25807e+102
7  	68    	inf         	nan         	397.177	inf         
