Defaulting to user installation because normal site-packages is not writeable
Requirement already satisfied: torch in /global/homes/s/samyak09/.local/perlmutter/python-3.11/lib/python3.11/site-packages (2.4.0)
Requirement already satisfied: filelock in /global/homes/s/samyak09/.local/perlmutter/python-3.11/lib/python3.11/site-packages (from torch) (3.15.4)
Requirement already satisfied: typing-extensions>=4.8.0 in /global/common/software/nersc/pe/conda-envs/24.1.0/python-3.11/nersc-python/lib/python3.11/site-packages (from torch) (4.9.0)
Requirement already satisfied: sympy in /global/common/software/nersc/pe/conda-envs/24.1.0/python-3.11/nersc-python/lib/python3.11/site-packages (from torch) (1.12)
Requirement already satisfied: networkx in /global/common/software/nersc/pe/conda-envs/24.1.0/python-3.11/nersc-python/lib/python3.11/site-packages (from torch) (3.2.1)
Requirement already satisfied: jinja2 in /global/common/software/nersc/pe/conda-envs/24.1.0/python-3.11/nersc-python/lib/python3.11/site-packages (from torch) (3.1.2)
Requirement already satisfied: fsspec in /global/common/software/nersc/pe/conda-envs/24.1.0/python-3.11/nersc-python/lib/python3.11/site-packages (from torch) (2023.12.2)
Requirement already satisfied: nvidia-cuda-nvrtc-cu12==12.1.105 in /global/homes/s/samyak09/.local/perlmutter/python-3.11/lib/python3.11/site-packages (from torch) (12.1.105)
Requirement already satisfied: nvidia-cuda-runtime-cu12==12.1.105 in /global/homes/s/samyak09/.local/perlmutter/python-3.11/lib/python3.11/site-packages (from torch) (12.1.105)
Requirement already satisfied: nvidia-cuda-cupti-cu12==12.1.105 in /global/homes/s/samyak09/.local/perlmutter/python-3.11/lib/python3.11/site-packages (from torch) (12.1.105)
Requirement already satisfied: nvidia-cudnn-cu12==9.1.0.70 in /global/homes/s/samyak09/.local/perlmutter/python-3.11/lib/python3.11/site-packages (from torch) (9.1.0.70)
Requirement already satisfied: nvidia-cublas-cu12==12.1.3.1 in /global/homes/s/samyak09/.local/perlmutter/python-3.11/lib/python3.11/site-packages (from torch) (12.1.3.1)
Requirement already satisfied: nvidia-cufft-cu12==11.0.2.54 in /global/homes/s/samyak09/.local/perlmutter/python-3.11/lib/python3.11/site-packages (from torch) (11.0.2.54)
Requirement already satisfied: nvidia-curand-cu12==10.3.2.106 in /global/homes/s/samyak09/.local/perlmutter/python-3.11/lib/python3.11/site-packages (from torch) (10.3.2.106)
Requirement already satisfied: nvidia-cusolver-cu12==11.4.5.107 in /global/homes/s/samyak09/.local/perlmutter/python-3.11/lib/python3.11/site-packages (from torch) (11.4.5.107)
Requirement already satisfied: nvidia-cusparse-cu12==12.1.0.106 in /global/homes/s/samyak09/.local/perlmutter/python-3.11/lib/python3.11/site-packages (from torch) (12.1.0.106)
Requirement already satisfied: nvidia-nccl-cu12==2.20.5 in /global/homes/s/samyak09/.local/perlmutter/python-3.11/lib/python3.11/site-packages (from torch) (2.20.5)
Requirement already satisfied: nvidia-nvtx-cu12==12.1.105 in /global/homes/s/samyak09/.local/perlmutter/python-3.11/lib/python3.11/site-packages (from torch) (12.1.105)
Requirement already satisfied: triton==3.0.0 in /global/homes/s/samyak09/.local/perlmutter/python-3.11/lib/python3.11/site-packages (from torch) (3.0.0)
Requirement already satisfied: nvidia-nvjitlink-cu12 in /global/homes/s/samyak09/.local/perlmutter/python-3.11/lib/python3.11/site-packages (from nvidia-cusolver-cu12==11.4.5.107->torch) (12.6.68)
Requirement already satisfied: MarkupSafe>=2.0 in /global/common/software/nersc/pe/conda-envs/24.1.0/python-3.11/nersc-python/lib/python3.11/site-packages (from jinja2->torch) (2.1.3)
Requirement already satisfied: mpmath>=0.19 in /global/common/software/nersc/pe/conda-envs/24.1.0/python-3.11/nersc-python/lib/python3.11/site-packages (from sympy->torch) (1.3.0)
Defaulting to user installation because normal site-packages is not writeable
Requirement already satisfied: deap in /global/homes/s/samyak09/.local/perlmutter/python-3.11/lib/python3.11/site-packages (1.4.1)
Requirement already satisfied: numpy in /global/common/software/nersc/pe/conda-envs/24.1.0/python-3.11/nersc-python/lib/python3.11/site-packages (from deap) (1.26.3)
True
True
Currently running file index :-  0
1000000
Length of seed expression array :- 73
num_cores  128
0 0
gen	nevals	avg       	std        	min       	max       
0  	0     	7.1722e+11	7.13625e+12	0.00889197	7.1722e+13
1  	52    	7.1722e+11	7.13625e+12	0.00493317	7.1722e+13
2  	66    	7.1722e+11	7.13625e+12	0.00493317	7.1722e+13
3  	59    	5793.58   	57264      	0.00493317	575555    
4  	55    	0.995209  	5.03082    	0.00363728	47.9166   
5  	64    	855.081   	8492.18    	0.00200575	85351.1   
6  	49    	2e+12     	1.4e+13    	0.00200575	1e+14     
7  	59    	1e+12     	9.94987e+12	0.00287367	1e+14     
8  	52    	3.83421   	36.85      	0.00313088	370.388   
9  	58    	54.7051   	540.867    	0.00243819	5436.24   
10 	54    	0.258258  	1.54278    	0.00313088	15.3857   
11 	65    	0.227976  	0.788514   	0.00313088	5.12706   
12 	56    	1.4975e+12	1.10683e+13	0.00196099	1e+14     
13 	62    	1e+12     	9.94987e+12	0.000538388	1e+14     
14 	65    	2.54877e+21	2.53599e+22	0.000418035	2.54877e+23
15 	48    	2.62724    	16.8218    	0.000418035	149.46     
Best individual: mul(cos(abs(sub(cos(protected_log(s_1)), 2))), sin(sin(cos(protected_sqrt(mul(1, s_1))))))
Fitness: (0.0004180351887759468,)
R2_score with noisy data: 0.9999983039340894
R2_score with original data: 0.9999984914682831
Currently running file index :-  1
1000000
Length of seed expression array :- 74
num_cores  128
0 0
gen	nevals	avg        	std        	min    	max        
0  	0     	9.99998e+11	9.94986e+12	23.2063	9.99998e+13
1  	53    	1.06864e+11	1.06328e+12	0.258109	1.06864e+13
2  	67    	1631.77    	10033.1    	0.258109	87394.7    
3  	59    	26456.3    	255778     	0.258109	2.57087e+06
4  	51    	154112     	1.53187e+06	0.258109	1.5396e+07 
5  	65    	1.47397e+25	1.44692e+26	0.258109	1.45427e+27
6  	61    	7.35483e+13	7.31797e+14	0.258109	7.35483e+15
7  	53    	7402.31    	51362.7    	0.258109	366978     
8  	52    	2.89896e+16	2.88443e+17	0.258109	2.89896e+18
9  	58    	48382.4    	349289     	0.258109	3.13071e+06
10 	56    	583014     	5.79936e+06	0.258109	5.82859e+07
11 	67    	9.14033e+12	8.15043e+13	0.258109	8.14033e+14
12 	51    	4.45732e+09	4.43186e+10	0.258109	4.45422e+11
13 	67    	inf        	nan        	0.258109	inf        
14 	57    	2.65852e+08	2.63526e+09	0.258109	2.64862e+10
15 	53    	1.03336e+07	7.23127e+07	0.258109	5.34212e+08
Best individual: mul(protected_log(protected_exp(s_1)), s_2)
Fitness: (0.25810856408903005,)
R2_score with noisy data: 0.9999997997271576
R2_score with original data: 1.0
Currently running file index :-  2
1000000
Length of seed expression array :- 75
num_cores  128
0 0
gen	nevals	avg       	std        	min    	max       
0  	0     	7.8634e+11	7.82398e+12	622.426	7.8634e+13
1  	52    	8.65274e+06	7.85775e+07	614.63 	7.88504e+08
2  	59    	1e+12      	9.94987e+12	598.654	1e+14      
3  	66    	7.82885e+80	7.78961e+81	598.654	7.82885e+82
4  	50    	7.61589e+81	6.8149e+82 	610.954	6.81246e+83
5  	65    	7.82885e+80	7.78961e+81	611.69 	7.82885e+82
6  	58    	9.2131e+81 	8.63345e+82	615.993	8.6741e+83 
7  	64    	3.14172e+84	3.12543e+85	615.993	3.14118e+86
8  	60    	3.14918e+84	3.12537e+85	615.993	3.14118e+86
9  	63    	3.14118e+84	3.12544e+85	457.126	3.14118e+86
10 	62    	3.22232e+84	3.12567e+85	457.126	3.14118e+86
11 	75    	4.30828e+09	4.27816e+10	586.391	4.2998e+11 
12 	58    	4.19873e+18	4.17768e+19	515.9  	4.19873e+20
13 	72    	2.97148e+10	2.89475e+11	523.389	2.9094e+12 
14 	65    	1.84719e+27	1.83793e+28	544.064	1.84719e+29
15 	50    	5.27618e+07	3.89622e+08	544.064	3.79808e+09
Best individual: mul(tan(2), protected_div(mul(sub(s_4, 2), s_2), protected_log(3)))
Fitness: (457.1260554888463,)
R2_score with noisy data: 0.9999859997809672
R2_score with original data: 0.999986064766919
Currently running file index :-  3
1000000
Length of seed expression array :- 67
num_cores  128
0 0
gen	nevals	avg        	std        	min    	max        
0  	0     	9.99998e+11	9.94985e+12	45.9416	9.99997e+13
1  	53    	7.33581e+80	5.23667e+81	34.0693	4.39378e+82
2  	69    	9.27022e+81	8.50261e+82	34.0693	8.53664e+83
3  	56    	7.58786e+80	7.54983e+81	34.0693	7.58786e+82
4  	58    	inf        	nan        	34.0693	inf        
5  	60    	inf        	nan        	27.3653	inf        
6  	55    	inf        	nan        	31.3843	inf        
7  	61    	inf        	nan        	31.3843	inf        
8  	62    	inf        	nan        	32.2603	inf        
9  	55    	1.27861e+08	1.13199e+09	31.3843	1.1294e+10 
10 	54    	5.17607e+10	5.15013e+11	9.17626	5.17607e+12
11 	68    	9.99997e+11	9.94985e+12	33.0276	9.99997e+13
12 	53    	4.54429e+12	4.4756e+13 	3.215  	4.49838e+14
13 	63    	inf        	nan        	3.215  	inf        
14 	54    	2.64898e+08	2.63519e+09	3.215  	2.64847e+10
15 	60    	9.0062e+31 	8.96106e+32	3.215  	9.0062e+33 
Best individual: mul(add(sub(s_2, 1), protected_div(4, 3)), sub(s_1, sub(3, 4)))
Fitness: (3.215004879815578,)
R2_score with noisy data: 0.9999989064387822
R2_score with original data: 0.9999990941892458
Currently running file index :-  4
1000000
Length of seed expression array :- 75
num_cores  128
0 0
gen	nevals	avg        	std        	min    	max        
0  	0     	7.85859e+11	7.81919e+12	97.1696	7.85858e+13
1  	51    	6.26264e+81	6.23125e+82	72.5833	6.26264e+83
2  	65    	9.51895e+81	9.43007e+82	72.5833	9.4779e+83 
3  	57    	1.68288e+73	1.67445e+74	72.5833	1.68288e+75
4  	59    	1.33315e+06	8.4004e+06 	71.9037	6.60274e+07
5  	60    	1.13566e+81	8.27815e+81	71.9037	7.311e+82  
6  	47    	1.06226e+06	7.32108e+06	71.9037	5.23069e+07
7  	59    	8.07889e+11	7.80971e+12	71.9037	7.84799e+13
8  	51    	inf        	nan        	71.8972	inf        
9  	57    	645245     	5.28779e+06	71.8972	5.21928e+07
10 	59    	2.16103e+06	2.03941e+07	27.9704	2.04807e+08
11 	71    	2.17796e+227	inf        	21.2695	2.17796e+229
12 	55    	2.17796e+227	inf        	21.2695	2.17796e+229
13 	65    	inf         	nan        	27.9704	inf         
14 	54    	inf         	nan        	27.9704	inf         
15 	62    	3679.43     	31166.6    	27.9704	313103      
Best individual: mul(mul(protected_div(s_3, s_4), add(s_2, tanh(s_2))), s_1)
Fitness: (21.269488226041954,)
R2_score with noisy data: 0.9999959663573977
R2_score with original data: 0.9999961174855035
Currently running file index :-  5
1000000
Length of seed expression array :- 68
num_cores  128
0 0
gen	nevals	avg        	std       	min   	max        
0  	0     	7.85076e+11	7.8114e+12	390.66	7.85076e+13
1  	53    	1.76697e+10	1.7579e+11	390.66	1.76676e+12
2  	64    	1.02295e+21	1.01529e+22	382.291	1.02043e+23
3  	56    	1.45599e+80	1.44869e+81	382.291	1.45599e+82
4  	53    	1.00794e+82	1.00288e+83	375.94 	1.00794e+84
5  	62    	1.45599e+80	1.44869e+81	295.11 	1.45599e+82
6  	50    	2.87559e+81	2.86117e+82	294.688	2.87559e+83
7  	57    	inf        	nan        	294.688	inf        
8  	42    	9.09089e+82	9.04533e+83	294.688	9.09089e+84
9  	59    	9.35502e+17	9.30812e+18	294.688	9.35501e+19
10 	58    	30294      	252104     	294.688	2.5323e+06 
11 	68    	inf        	nan        	296.641	inf        
12 	55    	5.37725e+178	inf        	296.641	5.37725e+180
13 	74    	4.22784e+49 	4.20665e+50	296.641	4.22784e+51 
14 	59    	7.61956e+82 	7.57887e+83	147.148	7.61707e+84 
15 	54    	9.61602e+75 	9.56781e+76	147.148	9.61602e+77 
Best individual: mul(pi, mul(s_2, s_1))
Fitness: (147.1480158896463,)
R2_score with noisy data: 0.9999921717236595
R2_score with original data: 0.9999922922202893
Currently running file index :-  7
1000000
Length of seed expression array :- 67
num_cores  128
0 0
gen	nevals	avg        	std        	min       	max       
0  	0     	7.86381e+11	7.82438e+12	0.00516315	7.8638e+13
1  	58    	1.9874e+11 	1.97744e+12	0.00516315	1.9874e+13
2  	64    	1.34969e+06	9.1947e+06 	0.00516315	6.56929e+07
3  	57    	2.30118e+06	2.26887e+07	0.00516315	2.28048e+08
4  	49    	2.69935e+09	2.68576e+10	0.00397843	2.69929e+11
5  	64    	1.40519e+08	1.39798e+09	0.00397843	1.40503e+10
6  	56    	4876.24    	40773.9    	0.00397843	404363     
7  	57    	4.2686e+11 	4.2472e+12 	0.00397843	4.2686e+13 
8  	52    	8.5372e+11 	5.97604e+12	0.00397843	4.2686e+13 
9  	61    	4.26876e+11	4.2472e+12 	0.00241173	4.2686e+13 
10 	58    	1.30418e+82	1.29764e+83	0.00241173	1.30418e+84
11 	74    	inf        	nan        	0.00229854	inf        
12 	61    	4049.54    	40233.1    	0.00210605	404363     
13 	69    	2.698e+24  	2.68448e+25	0.00210605	2.698e+26  
14 	55    	1.2714e+24 	1.26503e+25	0.00210605	1.2714e+26 
15 	47    	317.217    	3154.2     	0.00207682	31701.1    
Best individual: sub(1, protected_sqrt(tanh(add(1, mul(1, tanh(add(protected_div(protected_sqrt(protected_sqrt(tanh(protected_sqrt(tanh(add(1, protected_log(tanh(3)))))))), mul(s_1, 4)), protected_log(s_3))))))))
Fitness: (0.002076820047574223,)
R2_score with noisy data: 0.999982095378913
R2_score with original data: 0.9999821125174719
Currently running file index :-  8
1000000
Length of seed expression array :- 75
num_cores  128
0 0
gen	nevals	avg        	std        	min    	max        
0  	0     	7.83599e+11	7.79671e+12	14.6351	7.83599e+13
1  	51    	2.65064e+45	2.63735e+46	14.6351	2.65064e+47
2  	63    	207334     	2.05603e+06	14.6351	2.06646e+07
3  	56    	206974     	2.05607e+06	14.6351	2.06646e+07
4  	57    	4.42554e+79	4.40336e+80	14.6351	4.42554e+81
5  	61    	3.81463e+16	3.79551e+17	10.5716	3.81463e+18
6  	57    	9.67805e+79	9.62954e+80	10.5716	9.67805e+81
7  	66    	7.51401e+80	6.57456e+81	10.5716	6.54621e+82
8  	48    	1.69715e+80	1.19991e+81	10.5716	9.67805e+81
9  	63    	7.29348e+79	7.25692e+80	10.5716	7.29348e+81
10 	65    	1.4587e+80 	1.02109e+81	10.5716	7.29348e+81
