Defaulting to user installation because normal site-packages is not writeable
Requirement already satisfied: torch in /global/homes/s/samyak09/.local/perlmutter/python-3.11/lib/python3.11/site-packages (2.4.0)
Requirement already satisfied: filelock in /global/homes/s/samyak09/.local/perlmutter/python-3.11/lib/python3.11/site-packages (from torch) (3.15.4)
Requirement already satisfied: typing-extensions>=4.8.0 in /global/common/software/nersc/pe/conda-envs/24.1.0/python-3.11/nersc-python/lib/python3.11/site-packages (from torch) (4.9.0)
Requirement already satisfied: sympy in /global/common/software/nersc/pe/conda-envs/24.1.0/python-3.11/nersc-python/lib/python3.11/site-packages (from torch) (1.12)
Requirement already satisfied: networkx in /global/common/software/nersc/pe/conda-envs/24.1.0/python-3.11/nersc-python/lib/python3.11/site-packages (from torch) (3.2.1)
Requirement already satisfied: jinja2 in /global/common/software/nersc/pe/conda-envs/24.1.0/python-3.11/nersc-python/lib/python3.11/site-packages (from torch) (3.1.2)
Requirement already satisfied: fsspec in /global/common/software/nersc/pe/conda-envs/24.1.0/python-3.11/nersc-python/lib/python3.11/site-packages (from torch) (2023.12.2)
Requirement already satisfied: nvidia-cuda-nvrtc-cu12==12.1.105 in /global/homes/s/samyak09/.local/perlmutter/python-3.11/lib/python3.11/site-packages (from torch) (12.1.105)
Requirement already satisfied: nvidia-cuda-runtime-cu12==12.1.105 in /global/homes/s/samyak09/.local/perlmutter/python-3.11/lib/python3.11/site-packages (from torch) (12.1.105)
Requirement already satisfied: nvidia-cuda-cupti-cu12==12.1.105 in /global/homes/s/samyak09/.local/perlmutter/python-3.11/lib/python3.11/site-packages (from torch) (12.1.105)
Requirement already satisfied: nvidia-cudnn-cu12==9.1.0.70 in /global/homes/s/samyak09/.local/perlmutter/python-3.11/lib/python3.11/site-packages (from torch) (9.1.0.70)
Requirement already satisfied: nvidia-cublas-cu12==12.1.3.1 in /global/homes/s/samyak09/.local/perlmutter/python-3.11/lib/python3.11/site-packages (from torch) (12.1.3.1)
Requirement already satisfied: nvidia-cufft-cu12==11.0.2.54 in /global/homes/s/samyak09/.local/perlmutter/python-3.11/lib/python3.11/site-packages (from torch) (11.0.2.54)
Requirement already satisfied: nvidia-curand-cu12==10.3.2.106 in /global/homes/s/samyak09/.local/perlmutter/python-3.11/lib/python3.11/site-packages (from torch) (10.3.2.106)
Requirement already satisfied: nvidia-cusolver-cu12==11.4.5.107 in /global/homes/s/samyak09/.local/perlmutter/python-3.11/lib/python3.11/site-packages (from torch) (11.4.5.107)
Requirement already satisfied: nvidia-cusparse-cu12==12.1.0.106 in /global/homes/s/samyak09/.local/perlmutter/python-3.11/lib/python3.11/site-packages (from torch) (12.1.0.106)
Requirement already satisfied: nvidia-nccl-cu12==2.20.5 in /global/homes/s/samyak09/.local/perlmutter/python-3.11/lib/python3.11/site-packages (from torch) (2.20.5)
Requirement already satisfied: nvidia-nvtx-cu12==12.1.105 in /global/homes/s/samyak09/.local/perlmutter/python-3.11/lib/python3.11/site-packages (from torch) (12.1.105)
Requirement already satisfied: triton==3.0.0 in /global/homes/s/samyak09/.local/perlmutter/python-3.11/lib/python3.11/site-packages (from torch) (3.0.0)
Requirement already satisfied: nvidia-nvjitlink-cu12 in /global/homes/s/samyak09/.local/perlmutter/python-3.11/lib/python3.11/site-packages (from nvidia-cusolver-cu12==11.4.5.107->torch) (12.6.68)
Requirement already satisfied: MarkupSafe>=2.0 in /global/common/software/nersc/pe/conda-envs/24.1.0/python-3.11/nersc-python/lib/python3.11/site-packages (from jinja2->torch) (2.1.3)
Requirement already satisfied: mpmath>=0.19 in /global/common/software/nersc/pe/conda-envs/24.1.0/python-3.11/nersc-python/lib/python3.11/site-packages (from sympy->torch) (1.3.0)
Defaulting to user installation because normal site-packages is not writeable
Requirement already satisfied: deap in /global/homes/s/samyak09/.local/perlmutter/python-3.11/lib/python3.11/site-packages (1.4.1)
Requirement already satisfied: numpy in /global/common/software/nersc/pe/conda-envs/24.1.0/python-3.11/nersc-python/lib/python3.11/site-packages (from deap) (1.26.3)
1000000
Cycle 1/4
Length of seed expression array :- 73
num_cores  128
73 69
gen	nevals	avg      	std        	min       	max      
0  	0     	7.175e+11	7.13903e+12	0.00705559	7.175e+13
1  	60    	7.175e+11	7.13903e+12	0.0049935 	7.175e+13
2  	58    	1.435e+12	1.0045e+13 	0.0049935 	7.175e+13
3  	62    	7.175e+11	7.13903e+12	0.0049935 	7.175e+13
4  	59    	9.49391  	61.0839    	0.0049463 	572.251  
5  	62    	1.38108  	10.1436    	0.00490219	101.274  
6  	66    	2.9179   	23.334     	0.00277109	234.09   
7  	57    	22.2945  	153.345    	0.00277109	1507.86  
Best individual: protected_div(protected_log(protected_log(pi)), sub(protected_sqrt(3), cos(s_1)))
Fitness: (0.0027710850211472497,)
R2_score with noisy data: 0.999971590963487
R2_score with original data: 0.999971590963487
best :-  protected_div(protected_log(protected_log(pi)), sub(protected_sqrt(3), cos(s_1)))
GENERATING PREFERENCE PAIRS
190
TRAINING THE TRANSFORMER
TESTING
Epoch [1/10], TEST Loss: 0.003070379578043376
TRAINING THE TRANSFORMER
TESTING
Epoch [2/10], TEST Loss: 4.1829615543694476e-07
TRAINING THE TRANSFORMER
TESTING
Epoch [3/10], TEST Loss: 0.00019397228761250962
TRAINING THE TRANSFORMER
TESTING
Epoch [4/10], TEST Loss: 0.0004806035247364661
TRAINING THE TRANSFORMER
TESTING
Epoch [5/10], TEST Loss: 2.6736157262363392e-05
TRAINING THE TRANSFORMER
TESTING
Epoch [6/10], TEST Loss: 3.3981563446625704e-07
TRAINING THE TRANSFORMER
TESTING
Epoch [7/10], TEST Loss: 4.1978092242132306e-07
TRAINING THE TRANSFORMER
TESTING
Epoch [8/10], TEST Loss: 2.079699796557231e-06
TRAINING THE TRANSFORMER
TESTING
Epoch [9/10], TEST Loss: 6.81154285186532e-07
TRAINING THE TRANSFORMER
TESTING
Epoch [10/10], TEST Loss: 6.886210926736866e-07
Cycle 2/4
Length of seed expression array :- 75
num_cores  128
75 0
gen	nevals	avg    	std    	min       	max   
0  	0     	1353.81	13102.7	0.00817585	131718
1  	49    	1986.49	14276.4	0.00817585	131718
