Defaulting to user installation because normal site-packages is not writeable
Requirement already satisfied: torch in /global/homes/s/samyak09/.local/perlmutter/python-3.11/lib/python3.11/site-packages (2.4.0)
Requirement already satisfied: filelock in /global/homes/s/samyak09/.local/perlmutter/python-3.11/lib/python3.11/site-packages (from torch) (3.15.4)
Requirement already satisfied: typing-extensions>=4.8.0 in /global/common/software/nersc/pe/conda-envs/24.1.0/python-3.11/nersc-python/lib/python3.11/site-packages (from torch) (4.9.0)
Requirement already satisfied: sympy in /global/common/software/nersc/pe/conda-envs/24.1.0/python-3.11/nersc-python/lib/python3.11/site-packages (from torch) (1.12)
Requirement already satisfied: networkx in /global/common/software/nersc/pe/conda-envs/24.1.0/python-3.11/nersc-python/lib/python3.11/site-packages (from torch) (3.2.1)
Requirement already satisfied: jinja2 in /global/common/software/nersc/pe/conda-envs/24.1.0/python-3.11/nersc-python/lib/python3.11/site-packages (from torch) (3.1.2)
Requirement already satisfied: fsspec in /global/common/software/nersc/pe/conda-envs/24.1.0/python-3.11/nersc-python/lib/python3.11/site-packages (from torch) (2023.12.2)
Requirement already satisfied: nvidia-cuda-nvrtc-cu12==12.1.105 in /global/homes/s/samyak09/.local/perlmutter/python-3.11/lib/python3.11/site-packages (from torch) (12.1.105)
Requirement already satisfied: nvidia-cuda-runtime-cu12==12.1.105 in /global/homes/s/samyak09/.local/perlmutter/python-3.11/lib/python3.11/site-packages (from torch) (12.1.105)
Requirement already satisfied: nvidia-cuda-cupti-cu12==12.1.105 in /global/homes/s/samyak09/.local/perlmutter/python-3.11/lib/python3.11/site-packages (from torch) (12.1.105)
Requirement already satisfied: nvidia-cudnn-cu12==9.1.0.70 in /global/homes/s/samyak09/.local/perlmutter/python-3.11/lib/python3.11/site-packages (from torch) (9.1.0.70)
Requirement already satisfied: nvidia-cublas-cu12==12.1.3.1 in /global/homes/s/samyak09/.local/perlmutter/python-3.11/lib/python3.11/site-packages (from torch) (12.1.3.1)
Requirement already satisfied: nvidia-cufft-cu12==11.0.2.54 in /global/homes/s/samyak09/.local/perlmutter/python-3.11/lib/python3.11/site-packages (from torch) (11.0.2.54)
Requirement already satisfied: nvidia-curand-cu12==10.3.2.106 in /global/homes/s/samyak09/.local/perlmutter/python-3.11/lib/python3.11/site-packages (from torch) (10.3.2.106)
Requirement already satisfied: nvidia-cusolver-cu12==11.4.5.107 in /global/homes/s/samyak09/.local/perlmutter/python-3.11/lib/python3.11/site-packages (from torch) (11.4.5.107)
Requirement already satisfied: nvidia-cusparse-cu12==12.1.0.106 in /global/homes/s/samyak09/.local/perlmutter/python-3.11/lib/python3.11/site-packages (from torch) (12.1.0.106)
Requirement already satisfied: nvidia-nccl-cu12==2.20.5 in /global/homes/s/samyak09/.local/perlmutter/python-3.11/lib/python3.11/site-packages (from torch) (2.20.5)
Requirement already satisfied: nvidia-nvtx-cu12==12.1.105 in /global/homes/s/samyak09/.local/perlmutter/python-3.11/lib/python3.11/site-packages (from torch) (12.1.105)
Requirement already satisfied: triton==3.0.0 in /global/homes/s/samyak09/.local/perlmutter/python-3.11/lib/python3.11/site-packages (from torch) (3.0.0)
Requirement already satisfied: nvidia-nvjitlink-cu12 in /global/homes/s/samyak09/.local/perlmutter/python-3.11/lib/python3.11/site-packages (from nvidia-cusolver-cu12==11.4.5.107->torch) (12.6.68)
Requirement already satisfied: MarkupSafe>=2.0 in /global/common/software/nersc/pe/conda-envs/24.1.0/python-3.11/nersc-python/lib/python3.11/site-packages (from jinja2->torch) (2.1.3)
Requirement already satisfied: mpmath>=0.19 in /global/common/software/nersc/pe/conda-envs/24.1.0/python-3.11/nersc-python/lib/python3.11/site-packages (from sympy->torch) (1.3.0)
Defaulting to user installation because normal site-packages is not writeable
Requirement already satisfied: deap in /global/homes/s/samyak09/.local/perlmutter/python-3.11/lib/python3.11/site-packages (1.4.1)
Requirement already satisfied: numpy in /global/common/software/nersc/pe/conda-envs/24.1.0/python-3.11/nersc-python/lib/python3.11/site-packages (from deap) (1.26.3)
False
False
Currently running file index :-  0
1000000
Length of seed expression array :- 73
num_cores  128
73 69
gen	nevals	avg       	std        	min       	max       
0  	0     	7.1722e+11	7.13625e+12	0.00712237	7.1722e+13
1  	51    	0.798912  	4.38771    	0.00712237	38.4174   
2  	68    	5.9245    	41.0743    	0.00601448	400.3     
3  	59    	325.017   	2776.95    	0.00540811	27780.1   
4  	52    	416.969   	4001.81    	0.00540806	40222.3   
5  	65    	215.024   	2111.62    	0.00509273	21224.1   
6  	55    	10.2928   	68.459     	0.00493161	615.557   
7  	64    	1.69775   	10.6597    	0.00493161	103.631   
8  	57    	1.3769    	10.5413    	0.00493216	104.295   
9  	62    	0.555489  	2.32515    	0.00493227	19.018    
10 	57    	5.50572   	34.9763    	0.00463413	337.674   
11 	68    	300.02    	2768.15    	0.00072271	27781.5   
12 	50    	2745.39   	27280.5    	0.000712226	274183    
13 	66    	213.898   	1676.6     	0.000712226	16397.1   
14 	63    	6.80213   	28.1338    	0.000712226	204.779   
15 	62    	37.2352   	180.131    	0.000712226	1488.11   
Best individual: protected_div(protected_div(tanh(mul(pi, pi)), 2), mul(protected_exp(s_1), abs(1)))
Fitness: (0.0007122257450287775,)
R2_score with noisy data: 0.999997110334634
R2_score with original data: 0.9999972793671458
Currently running file index :-  1
1000000
Length of seed expression array :- 74
num_cores  128
74 68
gen	nevals	avg        	std        	min     	max        
0  	0     	9.99998e+11	9.94986e+12	0.258109	9.99998e+13
1  	52    	31218.2    	309781     	0.258109	3.1135e+06 
2  	69    	62618.9    	435848     	0.258109	3.1135e+06 
3  	61    	755493     	7.17237e+06	0.258109	7.20523e+07
4  	55    	932276     	7.34632e+06	0.258109	7.20523e+07
5  	62    	771106     	7.17779e+06	0.258109	7.20523e+07
6  	61    	1.02735e+82	1.0222e+83 	0.258109	1.02735e+84
7  	56    	7.88436e+11	7.84185e+12	0.258109	7.88139e+13
8  	54    	5.14104e+39	5.11527e+40	0.258109	5.14104e+41
9  	59    	inf        	nan        	0.258109	inf        
10 	48    	2.09168e+75	2.0812e+76 	0.258109	2.09168e+77
11 	73    	inf        	nan        	0.258109	inf        
12 	52    	inf        	nan        	0.258109	inf        
13 	71    	inf        	nan        	0.258109	inf        
14 	67    	3.57831e+68	3.56037e+69	0.258109	3.57831e+70
15 	51    	inf        	nan        	0.258109	inf        
Best individual: mul(s_1, mul(s_2, 1))
Fitness: (0.25810856408903005,)
R2_score with noisy data: 0.9999997997271576
R2_score with original data: 1.0
Currently running file index :-  2
1000000
Length of seed expression array :- 75
num_cores  128
75 56
gen	nevals	avg       	std        	min    	max       
0  	0     	7.8634e+11	7.82398e+12	622.426	7.8634e+13
1  	52    	7.8634e+11	7.82398e+12	624.898	7.8634e+13
2  	63    	2.79303e+15	2.77903e+16	576.846	2.79303e+17
3  	57    	6.45702e+81	6.11163e+82	576.846	6.13733e+83
4  	60    	1.391e+82  	9.24136e+82	652.787	8.24804e+83
5  	67    	2.35946e+82	1.69788e+83	642.426	1.63221e+84
6  	62    	1.25807e+100	1.25176e+101	397.177	1.25807e+102
7  	68    	inf         	nan         	397.177	inf         
8  	50    	inf         	nan         	397.177	inf         
9  	61    	1.25166e+82 	1.00677e+83 	422.9  	9.76491e+83 
10 	64    	inf         	nan         	422.9  	inf         
11 	74    	7.473e+266  	inf         	231.992	7.473e+268  
12 	63    	2.40019e+27 	2.38816e+28 	231.992	2.40019e+29 
13 	68    	6.99142e+82 	6.95637e+83 	231.992	6.99142e+84 
14 	70    	4.95374e+28 	4.92891e+29 	231.992	4.95374e+30 
15 	49    	inf         	nan         	231.992	inf         
Best individual: mul(tan(sin(s_4)), protected_exp(3))
Fitness: (231.9915262955267,)
R2_score with noisy data: 0.9999928948872135
R2_score with original data: 0.9999930358379467
Currently running file index :-  3
1000000
Length of seed expression array :- 67
num_cores  128
67 66
gen	nevals	avg        	std        	min    	max        
0  	0     	9.99997e+11	9.94985e+12	27.3653	9.99997e+13
1  	53    	1.32795e+06	1.23527e+07	27.3653	1.23926e+08
2  	69    	2.96231e+10	2.94721e+11	27.1484	2.96206e+12
3  	55    	2488.46    	20588      	27.1484	206853     
4  	63    	1.63185e+07	1.56369e+08	27.1484	1.57162e+09
5  	59    	9.03515e+08	8.97855e+09	4.11511	9.02389e+10
6  	57    	2.76234e+12	2.74849e+13	4.11511	2.76234e+14
7  	55    	7.87478e+11	7.8353e+12 	4.11511	7.87478e+13
8  	58    	inf        	nan        	4.11511	inf        
9  	65    	inf        	nan        	4.11511	inf        
10 	67    	inf        	nan        	3.20215	inf        
11 	71    	inf        	nan        	1.50739	inf        
12 	52    	1.17148e+11	1.1656e+12 	1.50739	1.17148e+13
13 	68    	66.6685    	96.2997    	1.43974	613.795    
14 	60    	5.54078e+09	5.51301e+10	1.43974	5.54078e+11
15 	51    	10467.5    	103378     	1.43974	1.03907e+06
Best individual: mul(s_2, add(s_1, add(protected_div(s_1, 4), cos(add(protected_pow(cos(2), 1), cos(cos(sub(1, protected_log(protected_div(s_1, 3))))))))))
Fitness: (1.4397408287958222,)
R2_score with noisy data: 0.999999510282319
R2_score with original data: 0.9999997042271579
Currently running file index :-  4
1000000
Length of seed expression array :- 75
num_cores  128
75 68
gen	nevals	avg        	std        	min    	max        
0  	0     	7.85858e+11	7.81919e+12	72.5833	7.85858e+13
1  	54    	191.776    	308.882    	72.5833	2013.47    
2  	64    	364.137    	613.168    	69.8956	2886.07    
3  	54    	3522.37    	32994.8    	69.8956	331796     
4  	55    	3834.35    	26273.2    	69.8956	254466     
5  	65    	1.14591e+06	1.08381e+07	69.1208	1.0893e+08 
6  	58    	128239     	974165     	72.5833	9.73118e+06
7  	60    	7.84799e+11	7.80865e+12	71.9037	7.84799e+13
8  	47    	7.3779e+06 	7.30893e+07	68.2098	7.34605e+08
9  	61    	185537     	1.67315e+06	68.2098	1.67831e+07
10 	60    	7.10942e+81	7.07378e+82	59.3042	7.10942e+83
11 	72    	4.84178e+12	4.81751e+13	71.225 	4.84178e+14
12 	63    	1.80433e+11	1.79529e+12	63.0408	1.80433e+13
13 	69    	7.33597e+13	7.2992e+14 	61.1626	7.33597e+15
14 	68    	1.39134e+35	1.38436e+36	61.1626	1.39134e+37
15 	54    	143820     	880752     	55.4846	8.56636e+06
Best individual: add(mul(mul(s_1, s_3), protected_sqrt(protected_sqrt(sub(s_2, protected_sqrt(sub(s_4, s_2)))))), 2)
Fitness: (55.484592414472594,)
R2_score with noisy data: 0.9999894776492338
R2_score with original data: 0.9999895648885354
Currently running file index :-  5
1000000
Length of seed expression array :- 68
num_cores  128
68 64
gen	nevals	avg        	std       	min   	max        
0  	0     	7.85076e+11	7.8114e+12	390.66	7.85076e+13
1  	54    	1.26099e+18	1.25187e+19	390.66	1.2582e+20 
2  	61    	1.0101e+82 	1.00504e+83	390.107	1.0101e+84 
3  	51    	2.79303e+15	2.77903e+16	390.107	2.79303e+17
4  	52    	1.11625e+82	1.00758e+83	317.849	1.00794e+84
5  	66    	5.17133e+79	3.87889e+80	215.064	3.57104e+81
6  	49    	2.05654e+80	2.04623e+81	200.957	2.05654e+82
7  	68    	1.11987e+83	1.10783e+84	307.151	1.11347e+85
8  	56    	9.96928e+82	9.91931e+83	307.151	9.96928e+84
9  	56    	7.73541e+82	7.68254e+83	211.52 	7.72137e+84
10 	49    	2.85522e+82	2.84091e+83	190.743	2.85522e+84
11 	74    	inf        	nan        	188.799	inf        
12 	56    	inf        	nan        	190.706	inf        
13 	74    	5.93937e+73	5.90959e+74	190.59 	5.93937e+75
14 	58    	1.58319e+83	1.57525e+84	190.59 	1.58319e+85
15 	60    	9.53337e+81	6.24551e+82	142.844	5.29802e+83
Best individual: mul(s_3, add(protected_exp(abs(cos(tan(s_2)))), add(s_2, s_1)))
Fitness: (142.84380189241114,)
R2_score with noisy data: 0.9999924007078996
R2_score with original data: 0.9999925236980435
Currently running file index :-  7
1000000
Length of seed expression array :- 67
num_cores  128
67 64
gen	nevals	avg        	std        	min      	max  
0  	0     	1.78638e+12	1.25956e+13	0.0410019	1e+14
1  	53    	4.71828e+12	1.86755e+13	0.00516315	7.8638e+13
2  	62    	2.57522e+12	1.47457e+13	0.00516315	1e+14     
3  	58    	2.57276e+12	1.47329e+13	0.00516315	1e+14     
4  	53    	6.57472e+19	6.54176e+20	0.00516315	6.57472e+21
5  	67    	3.71361e+11	3.69358e+12	0.00516315	3.7122e+13 
6  	55    	inf        	nan        	0.00255591	inf        
7  	62    	inf        	nan        	0.00207541	inf        
8  	50    	inf        	nan        	0.00203239	inf        
9  	64    	inf        	nan        	0.00203239	inf        
10 	63    	inf        	nan        	0.00200226	inf        
11 	70    	inf        	nan        	0.00184147	inf        
12 	56    	inf        	nan        	0.00184147	inf        
13 	74    	2.02935e+21	2.01918e+22	0.00184147	2.02935e+23
14 	60    	669.486    	3999.47    	0.00184147	36747.7    
15 	54    	8037.81    	77015.5    	0.00184147	774238     
Best individual: protected_div(tan(protected_pow(protected_exp(abs(abs(s_2))), cos(tan(2)))), s_5)
Fitness: (0.0018414681394413222,)
R2_score with noisy data: 0.9999841243879946
R2_score with original data: 0.9999841764795375
Currently running file index :-  8
1000000
Length of seed expression array :- 75
num_cores  128
75 65
gen	nevals	avg        	std        	min    	max        
0  	0     	7.83599e+11	7.79671e+12	10.5716	7.83599e+13
1  	58    	8.83821e+81	8.79391e+82	10.5716	8.83821e+83
2  	64    	8.15117e+81	8.11031e+82	10.5716	8.15117e+83
3  	58    	353289     	3.29711e+06	10.5716	3.30946e+07
4  	53    	405547     	2.96989e+06	10.5716	2.67372e+07
5  	72    	inf        	nan        	10.5716	inf        
6  	51    	inf        	nan        	10.5716	inf        
