Defaulting to user installation because normal site-packages is not writeable
Requirement already satisfied: torch in /global/homes/s/samyak09/.local/perlmutter/python-3.11/lib/python3.11/site-packages (2.4.0)
Requirement already satisfied: filelock in /global/homes/s/samyak09/.local/perlmutter/python-3.11/lib/python3.11/site-packages (from torch) (3.15.4)
Requirement already satisfied: typing-extensions>=4.8.0 in /global/common/software/nersc/pe/conda-envs/24.1.0/python-3.11/nersc-python/lib/python3.11/site-packages (from torch) (4.9.0)
Requirement already satisfied: sympy in /global/common/software/nersc/pe/conda-envs/24.1.0/python-3.11/nersc-python/lib/python3.11/site-packages (from torch) (1.12)
Requirement already satisfied: networkx in /global/common/software/nersc/pe/conda-envs/24.1.0/python-3.11/nersc-python/lib/python3.11/site-packages (from torch) (3.2.1)
Requirement already satisfied: jinja2 in /global/common/software/nersc/pe/conda-envs/24.1.0/python-3.11/nersc-python/lib/python3.11/site-packages (from torch) (3.1.2)
Requirement already satisfied: fsspec in /global/common/software/nersc/pe/conda-envs/24.1.0/python-3.11/nersc-python/lib/python3.11/site-packages (from torch) (2023.12.2)
Requirement already satisfied: nvidia-cuda-nvrtc-cu12==12.1.105 in /global/homes/s/samyak09/.local/perlmutter/python-3.11/lib/python3.11/site-packages (from torch) (12.1.105)
Requirement already satisfied: nvidia-cuda-runtime-cu12==12.1.105 in /global/homes/s/samyak09/.local/perlmutter/python-3.11/lib/python3.11/site-packages (from torch) (12.1.105)
Requirement already satisfied: nvidia-cuda-cupti-cu12==12.1.105 in /global/homes/s/samyak09/.local/perlmutter/python-3.11/lib/python3.11/site-packages (from torch) (12.1.105)
Requirement already satisfied: nvidia-cudnn-cu12==9.1.0.70 in /global/homes/s/samyak09/.local/perlmutter/python-3.11/lib/python3.11/site-packages (from torch) (9.1.0.70)
Requirement already satisfied: nvidia-cublas-cu12==12.1.3.1 in /global/homes/s/samyak09/.local/perlmutter/python-3.11/lib/python3.11/site-packages (from torch) (12.1.3.1)
Requirement already satisfied: nvidia-cufft-cu12==11.0.2.54 in /global/homes/s/samyak09/.local/perlmutter/python-3.11/lib/python3.11/site-packages (from torch) (11.0.2.54)
Requirement already satisfied: nvidia-curand-cu12==10.3.2.106 in /global/homes/s/samyak09/.local/perlmutter/python-3.11/lib/python3.11/site-packages (from torch) (10.3.2.106)
Requirement already satisfied: nvidia-cusolver-cu12==11.4.5.107 in /global/homes/s/samyak09/.local/perlmutter/python-3.11/lib/python3.11/site-packages (from torch) (11.4.5.107)
Requirement already satisfied: nvidia-cusparse-cu12==12.1.0.106 in /global/homes/s/samyak09/.local/perlmutter/python-3.11/lib/python3.11/site-packages (from torch) (12.1.0.106)
Requirement already satisfied: nvidia-nccl-cu12==2.20.5 in /global/homes/s/samyak09/.local/perlmutter/python-3.11/lib/python3.11/site-packages (from torch) (2.20.5)
Requirement already satisfied: nvidia-nvtx-cu12==12.1.105 in /global/homes/s/samyak09/.local/perlmutter/python-3.11/lib/python3.11/site-packages (from torch) (12.1.105)
Requirement already satisfied: triton==3.0.0 in /global/homes/s/samyak09/.local/perlmutter/python-3.11/lib/python3.11/site-packages (from torch) (3.0.0)
Requirement already satisfied: nvidia-nvjitlink-cu12 in /global/homes/s/samyak09/.local/perlmutter/python-3.11/lib/python3.11/site-packages (from nvidia-cusolver-cu12==11.4.5.107->torch) (12.6.68)
Requirement already satisfied: MarkupSafe>=2.0 in /global/common/software/nersc/pe/conda-envs/24.1.0/python-3.11/nersc-python/lib/python3.11/site-packages (from jinja2->torch) (2.1.3)
Requirement already satisfied: mpmath>=0.19 in /global/common/software/nersc/pe/conda-envs/24.1.0/python-3.11/nersc-python/lib/python3.11/site-packages (from sympy->torch) (1.3.0)
Defaulting to user installation because normal site-packages is not writeable
Requirement already satisfied: deap in /global/homes/s/samyak09/.local/perlmutter/python-3.11/lib/python3.11/site-packages (1.4.1)
Requirement already satisfied: numpy in /global/common/software/nersc/pe/conda-envs/24.1.0/python-3.11/nersc-python/lib/python3.11/site-packages (from deap) (1.26.3)
True
True
Currently running file index :-  7
1000000
Length of seed expression array :- 67
num_cores  128
0 0
gen	nevals	avg        	std        	min       	max       
0  	0     	7.86381e+11	7.82438e+12	0.00514136	7.8638e+13
1  	58    	1.9874e+11 	1.97744e+12	0.00514136	1.9874e+13
2  	70    	1.33955e+06	9.19558e+06	0.00514136	6.56929e+07
3  	57    	1.07776e+18	1.07235e+19	0.00514136	1.07776e+20
4  	57    	2.70005e+09	2.68575e+10	0.00371474	2.69929e+11
5  	64    	1.41205e+08	1.39793e+09	0.00371474	1.40503e+10
6  	65    	5.39514    	45.3327    	0.00334521	454.748    
7  	57    	2.15072    	10.3468    	0.00282628	94.4846    
8  	45    	2.71933e+09	2.70535e+10	0.00246649	2.71898e+11
9  	56    	1.60992e+07	1.60184e+08	0.00241109	1.60991e+09
10 	56    	4.43289    	28.0825    	0.00241109	206.75     
11 	71    	339.767    	2355.68    	0.00231437	17789      
12 	64    	16964.4    	118006     	0.00188672	1.10622e+06
13 	67    	3.0746     	24.4348    	0.00188672	242.739    
14 	58    	2.64891e+08	2.63563e+09	0.00188672	2.64891e+10
15 	58    	580.75     	4060.3     	0.00188672	31701      
Best individual: cos(tan(tanh(protected_exp(tanh(s_3)))))
Fitness: (0.0018867170729341004,)
R2_score: 0.9999835785191197
Currently running file index :-  8
1000000
Length of seed expression array :- 75
num_cores  128
0 0
gen	nevals	avg        	std        	min    	max        
0  	0     	7.83599e+11	7.79671e+12	14.3923	7.83599e+13
1  	54    	1.45487e+11	1.44757e+12	10.3311	1.45487e+13
2  	63    	15611.4    	149765     	10.3311	1.5056e+06 
3  	54    	332816     	3.2927e+06 	10.3311	3.30945e+07
4  	53    	3161.52    	27077.5    	10.3311	271011     
5  	65    	19464.6    	118783     	10.3311	1.09789e+06
6  	48    	583.986    	4190.54    	10.3311	41778.5    
7  	59    	7.85539e+11	7.81601e+12	10.3311	7.85539e+13
8  	56    	1.58651e+23	1.57855e+24	10.3311	1.5865e+25 
9  	61    	inf        	nan        	10.3311	inf        
10 	66    	inf        	nan        	10.3311	inf        
11 	67    	inf        	nan        	10.3311	inf        
12 	66    	inf        	nan        	10.3311	inf        
13 	71    	inf        	nan        	6.77625	inf        
14 	59    	2.65663e+08	2.63535e+09	6.77625	2.64869e+10
15 	64    	5088.79    	38041.4    	10.3311	367117     
Best individual: mul(abs(protected_log(s_1)), add(s_2, s_2))
Fitness: (6.776245083582239,)
R2_score: 0.9999946075829084
Currently running file index :-  9
1000000
Length of seed expression array :- 75
num_cores  128
0 0
gen	nevals	avg        	std        	min    	max        
0  	0     	7.88079e+11	7.84128e+12	94.1469	7.88078e+13
1  	54    	7538.99    	47796.4    	69.7285	460450     
2  	66    	9.99998e+11	9.94985e+12	69.568 	9.99998e+13
3  	67    	5.36798e+59	5.34107e+60	85.5231	5.36798e+61
4  	52    	3.22493e+80	3.20877e+81	86.2667	3.22493e+82
5  	62    	5.74058e+25	5.71181e+26	86.2667	5.74058e+27
6  	49    	150352     	472721     	86.2667	2.35784e+06
7  	61    	inf        	nan        	69.7438	inf        
8  	49    	inf        	nan        	69.7285	inf        
9  	58    	5.65208e+64	5.62375e+65	67.6298	5.65208e+66
10 	62    	41451.5    	191535     	67.0786	1.11667e+06
11 	68    	9.57953e+289	inf        	67.0786	9.57953e+291
12 	63    	inf         	nan        	67.0786	inf         
13 	70    	inf         	nan        	67.0786	inf         
14 	63    	8.2268e+08  	8.18075e+09	67.0786	8.22201e+10 
15 	49    	1.12853e+06 	7.39251e+06	67.0786	6.84388e+07 
Best individual: mul(s_1, add(s_4, tanh(2)))
Fitness: (67.078577864335,)
R2_score: 0.999986828404296
