Defaulting to user installation because normal site-packages is not writeable
Requirement already satisfied: torch in /global/homes/s/samyak09/.local/perlmutter/python-3.11/lib/python3.11/site-packages (2.4.0)
Requirement already satisfied: filelock in /global/homes/s/samyak09/.local/perlmutter/python-3.11/lib/python3.11/site-packages (from torch) (3.15.4)
Requirement already satisfied: typing-extensions>=4.8.0 in /global/common/software/nersc/pe/conda-envs/24.1.0/python-3.11/nersc-python/lib/python3.11/site-packages (from torch) (4.9.0)
Requirement already satisfied: sympy in /global/common/software/nersc/pe/conda-envs/24.1.0/python-3.11/nersc-python/lib/python3.11/site-packages (from torch) (1.12)
Requirement already satisfied: networkx in /global/common/software/nersc/pe/conda-envs/24.1.0/python-3.11/nersc-python/lib/python3.11/site-packages (from torch) (3.2.1)
Requirement already satisfied: jinja2 in /global/common/software/nersc/pe/conda-envs/24.1.0/python-3.11/nersc-python/lib/python3.11/site-packages (from torch) (3.1.2)
Requirement already satisfied: fsspec in /global/common/software/nersc/pe/conda-envs/24.1.0/python-3.11/nersc-python/lib/python3.11/site-packages (from torch) (2023.12.2)
Requirement already satisfied: nvidia-cuda-nvrtc-cu12==12.1.105 in /global/homes/s/samyak09/.local/perlmutter/python-3.11/lib/python3.11/site-packages (from torch) (12.1.105)
Requirement already satisfied: nvidia-cuda-runtime-cu12==12.1.105 in /global/homes/s/samyak09/.local/perlmutter/python-3.11/lib/python3.11/site-packages (from torch) (12.1.105)
Requirement already satisfied: nvidia-cuda-cupti-cu12==12.1.105 in /global/homes/s/samyak09/.local/perlmutter/python-3.11/lib/python3.11/site-packages (from torch) (12.1.105)
Requirement already satisfied: nvidia-cudnn-cu12==9.1.0.70 in /global/homes/s/samyak09/.local/perlmutter/python-3.11/lib/python3.11/site-packages (from torch) (9.1.0.70)
Requirement already satisfied: nvidia-cublas-cu12==12.1.3.1 in /global/homes/s/samyak09/.local/perlmutter/python-3.11/lib/python3.11/site-packages (from torch) (12.1.3.1)
Requirement already satisfied: nvidia-cufft-cu12==11.0.2.54 in /global/homes/s/samyak09/.local/perlmutter/python-3.11/lib/python3.11/site-packages (from torch) (11.0.2.54)
Requirement already satisfied: nvidia-curand-cu12==10.3.2.106 in /global/homes/s/samyak09/.local/perlmutter/python-3.11/lib/python3.11/site-packages (from torch) (10.3.2.106)
Requirement already satisfied: nvidia-cusolver-cu12==11.4.5.107 in /global/homes/s/samyak09/.local/perlmutter/python-3.11/lib/python3.11/site-packages (from torch) (11.4.5.107)
Requirement already satisfied: nvidia-cusparse-cu12==12.1.0.106 in /global/homes/s/samyak09/.local/perlmutter/python-3.11/lib/python3.11/site-packages (from torch) (12.1.0.106)
Requirement already satisfied: nvidia-nccl-cu12==2.20.5 in /global/homes/s/samyak09/.local/perlmutter/python-3.11/lib/python3.11/site-packages (from torch) (2.20.5)
Requirement already satisfied: nvidia-nvtx-cu12==12.1.105 in /global/homes/s/samyak09/.local/perlmutter/python-3.11/lib/python3.11/site-packages (from torch) (12.1.105)
Requirement already satisfied: triton==3.0.0 in /global/homes/s/samyak09/.local/perlmutter/python-3.11/lib/python3.11/site-packages (from torch) (3.0.0)
Requirement already satisfied: nvidia-nvjitlink-cu12 in /global/homes/s/samyak09/.local/perlmutter/python-3.11/lib/python3.11/site-packages (from nvidia-cusolver-cu12==11.4.5.107->torch) (12.6.68)
Requirement already satisfied: MarkupSafe>=2.0 in /global/common/software/nersc/pe/conda-envs/24.1.0/python-3.11/nersc-python/lib/python3.11/site-packages (from jinja2->torch) (2.1.3)
Requirement already satisfied: mpmath>=0.19 in /global/common/software/nersc/pe/conda-envs/24.1.0/python-3.11/nersc-python/lib/python3.11/site-packages (from sympy->torch) (1.3.0)
Defaulting to user installation because normal site-packages is not writeable
Requirement already satisfied: deap in /global/homes/s/samyak09/.local/perlmutter/python-3.11/lib/python3.11/site-packages (1.4.1)
Requirement already satisfied: numpy in /global/common/software/nersc/pe/conda-envs/24.1.0/python-3.11/nersc-python/lib/python3.11/site-packages (from deap) (1.26.3)
1000000
Cycle 1/4
Length of seed expression array :- 73
num_cores  128
73 69
gen	nevals	avg      	std        	min       	max      
0  	0     	7.175e+11	7.13903e+12	0.00705559	7.175e+13
1  	60    	7.175e+11	7.13903e+12	0.0049935 	7.175e+13
2  	58    	1.435e+12	1.0045e+13 	0.0049935 	7.175e+13
3  	62    	7.175e+11	7.13903e+12	0.0049935 	7.175e+13
4  	59    	9.49391  	61.0839    	0.0049463 	572.251  
5  	62    	1.38108  	10.1436    	0.00490219	101.274  
6  	66    	2.9179   	23.334     	0.00277109	234.09   
7  	57    	22.2945  	153.345    	0.00277109	1507.86  
Best individual: protected_div(protected_log(protected_log(pi)), sub(protected_sqrt(3), cos(s_1)))
Fitness: (0.0027710850211472497,)
R2_score with noisy data: 0.999971590963487
R2_score with original data: 0.999971590963487
best :-  protected_div(protected_log(protected_log(pi)), sub(protected_sqrt(3), cos(s_1)))
GENERATING PREFERENCE PAIRS
190
TRAINING THE TRANSFORMER
TESTING
Epoch [1/10], TEST Loss: 0.003070379578043376
TRAINING THE TRANSFORMER
TESTING
Epoch [2/10], TEST Loss: 4.1829615543694476e-07
TRAINING THE TRANSFORMER
TESTING
Epoch [3/10], TEST Loss: 0.00019397228761250962
TRAINING THE TRANSFORMER
TESTING
Epoch [4/10], TEST Loss: 0.0004806035247364661
TRAINING THE TRANSFORMER
TESTING
Epoch [5/10], TEST Loss: 2.6736157262363392e-05
TRAINING THE TRANSFORMER
TESTING
Epoch [6/10], TEST Loss: 3.3981563446625704e-07
TRAINING THE TRANSFORMER
TESTING
Epoch [7/10], TEST Loss: 4.1978092242132306e-07
TRAINING THE TRANSFORMER
TESTING
Epoch [8/10], TEST Loss: 2.079699796557231e-06
TRAINING THE TRANSFORMER
TESTING
Epoch [9/10], TEST Loss: 6.81154285186532e-07
TRAINING THE TRANSFORMER
TESTING
Epoch [10/10], TEST Loss: 6.886210926736866e-07
Cycle 2/4
Length of seed expression array :- 75
num_cores  128
75 0
gen	nevals	avg    	std    	min       	max   
0  	0     	1353.81	13102.7	0.00817585	131718
1  	49    	1986.49	14276.4	0.00817585	131718
2  	68    	1589.37	13337  	0.00817585	131718
3  	45    	2805.68	18450.5	0.00415727	131718
4  	62    	204.456	2024.25	0.00298415	20345.4
5  	49    	7.49049e+77	7.45294e+78	0.00188941	7.49049e+79
6  	66    	357198     	2.21942e+06	0.00415727	1.9212e+07 
7  	57    	15.5052    	86.0702    	0.00128671	729.043    
Best individual: protected_div(protected_exp(2), protected_exp(mul(s_1, 3)))
Fitness: (0.001286705610325011,)
R2_score with noisy data: 0.9999868087531106
R2_score with original data: 0.9999868087531106
best :-  protected_div(protected_exp(2), protected_exp(mul(s_1, 3)))
GENERATING PREFERENCE PAIRS
190
TRAINING THE TRANSFORMER
TESTING
Epoch [1/10], TEST Loss: 1.1639985371676583e-05
TRAINING THE TRANSFORMER
TESTING
Epoch [2/10], TEST Loss: 1.6695950056687886e-14
TRAINING THE TRANSFORMER
TESTING
Epoch [3/10], TEST Loss: 4.410032695544466e-38
TRAINING THE TRANSFORMER
TESTING
Epoch [4/10], TEST Loss: 2.900153402794353e-38
TRAINING THE TRANSFORMER
TESTING
Epoch [5/10], TEST Loss: 5.374791043624323e-38
TRAINING THE TRANSFORMER
TESTING
Epoch [6/10], TEST Loss: 8.288012233121972e-38
TRAINING THE TRANSFORMER
TESTING
Epoch [7/10], TEST Loss: 1.0604534959125512e-37
TRAINING THE TRANSFORMER
TESTING
Epoch [8/10], TEST Loss: 2.3652531824858944e-38
TRAINING THE TRANSFORMER
TESTING
Epoch [9/10], TEST Loss: 9.202473074772587e-38
TRAINING THE TRANSFORMER
TESTING
Epoch [10/10], TEST Loss: 4.924151423618826e-38
Cycle 3/4
Length of seed expression array :- 75
num_cores  128
75 0
gen	nevals	avg   	std    	min       	max    
0  	0     	133.24	850.373	0.00810822	6548.32
1  	53    	46.0982	439.411	0.00810822	4417.14
2  	67    	4096.55	22458.5	0.00810822	131753 
3  	52    	1543.69	13118.1	0.00810822	131716 
4  	59    	4983.55	24355.9	0.00810822	131718 
5  	69    	1e+12  	9.94987e+12	0.00741796	1e+14  
6  	39    	17124.8	145660     	0.00741796	1.44143e+06
7  	59    	2.1161 	6.44343    	0.0048886 	36.7681    
Best individual: sub(protected_sqrt(protected_log(pi)), protected_sqrt(abs(cos(3))))
Fitness: (0.004888604893269339,)
R2_score with noisy data: 0.9999498822468994
R2_score with original data: 0.9999498822468994
best :-  sub(protected_sqrt(protected_log(pi)), protected_sqrt(abs(cos(3))))
GENERATING PREFERENCE PAIRS
182
TRAINING THE TRANSFORMER
TESTING
Epoch [1/10], TEST Loss: 0.0
TRAINING THE TRANSFORMER
TESTING
Epoch [2/10], TEST Loss: 1.5378800499680774e-22
TRAINING THE TRANSFORMER
TESTING
Epoch [3/10], TEST Loss: 0.0
TRAINING THE TRANSFORMER
TESTING
Epoch [4/10], TEST Loss: 0.0
TRAINING THE TRANSFORMER
TESTING
Epoch [5/10], TEST Loss: 0.0
TRAINING THE TRANSFORMER
TESTING
Epoch [6/10], TEST Loss: 0.0
TRAINING THE TRANSFORMER
TESTING
Epoch [7/10], TEST Loss: 0.0
TRAINING THE TRANSFORMER
TESTING
Epoch [8/10], TEST Loss: 0.0
TRAINING THE TRANSFORMER
TESTING
Epoch [9/10], TEST Loss: 0.0
TRAINING THE TRANSFORMER
TESTING
Epoch [10/10], TEST Loss: 0.0
Cycle 4/4
Length of seed expression array :- 75
num_cores  128
75 0
gen	nevals	avg        	std        	min      	max        
0  	0     	3.73823e+06	3.71915e+07	0.0110121	3.73789e+08
1  	69    	32719.1    	261130     	0.0110121	2.61825e+06
2  	64    	313487     	3.07165e+06	0.00876167	3.08751e+07
3  	52    	1732.31    	13691.7    	0.00876167	131718     
4  	42    	1.61956    	8.75496    	0.00820845	79.6011    
5  	68    	3475.69    	19841.4    	0.00565933	131718     
6  	71    	1551.83    	9427.99    	0.0050278 	76397      
7  	59    	1.99149e+10	1.9815e+11 	0.00487854	1.99149e+12
Best individual: sin(protected_pow(protected_pow(2, 3), 3))
Fitness: (0.004878541194161339,)
R2_score with noisy data: 0.999949985419481
R2_score with original data: 0.999949985419481
best :-  sin(protected_pow(protected_pow(2, 3), 3))
GENERATING PREFERENCE PAIRS
184
TRAINING THE TRANSFORMER
TESTING
Epoch [1/10], TEST Loss: 0.0
TRAINING THE TRANSFORMER
TESTING
Epoch [2/10], TEST Loss: 0.0
TRAINING THE TRANSFORMER
TESTING
Epoch [3/10], TEST Loss: 0.0
TRAINING THE TRANSFORMER
TESTING
Epoch [4/10], TEST Loss: 0.0
TRAINING THE TRANSFORMER
TESTING
Epoch [5/10], TEST Loss: 0.0
TRAINING THE TRANSFORMER
TESTING
Epoch [6/10], TEST Loss: 0.0
TRAINING THE TRANSFORMER
TESTING
Epoch [7/10], TEST Loss: 0.0
TRAINING THE TRANSFORMER
TESTING
Epoch [8/10], TEST Loss: 0.0
TRAINING THE TRANSFORMER
TESTING
Epoch [9/10], TEST Loss: 0.0
TRAINING THE TRANSFORMER
TESTING
Epoch [10/10], TEST Loss: 0.0
