Defaulting to user installation because normal site-packages is not writeable
Requirement already satisfied: torch in /global/homes/s/samyak09/.local/perlmutter/python-3.11/lib/python3.11/site-packages (2.4.0)
Requirement already satisfied: filelock in /global/homes/s/samyak09/.local/perlmutter/python-3.11/lib/python3.11/site-packages (from torch) (3.15.4)
Requirement already satisfied: typing-extensions>=4.8.0 in /global/common/software/nersc/pe/conda-envs/24.1.0/python-3.11/nersc-python/lib/python3.11/site-packages (from torch) (4.9.0)
Requirement already satisfied: sympy in /global/common/software/nersc/pe/conda-envs/24.1.0/python-3.11/nersc-python/lib/python3.11/site-packages (from torch) (1.12)
Requirement already satisfied: networkx in /global/common/software/nersc/pe/conda-envs/24.1.0/python-3.11/nersc-python/lib/python3.11/site-packages (from torch) (3.2.1)
Requirement already satisfied: jinja2 in /global/common/software/nersc/pe/conda-envs/24.1.0/python-3.11/nersc-python/lib/python3.11/site-packages (from torch) (3.1.2)
Requirement already satisfied: fsspec in /global/common/software/nersc/pe/conda-envs/24.1.0/python-3.11/nersc-python/lib/python3.11/site-packages (from torch) (2023.12.2)
Requirement already satisfied: nvidia-cuda-nvrtc-cu12==12.1.105 in /global/homes/s/samyak09/.local/perlmutter/python-3.11/lib/python3.11/site-packages (from torch) (12.1.105)
Requirement already satisfied: nvidia-cuda-runtime-cu12==12.1.105 in /global/homes/s/samyak09/.local/perlmutter/python-3.11/lib/python3.11/site-packages (from torch) (12.1.105)
Requirement already satisfied: nvidia-cuda-cupti-cu12==12.1.105 in /global/homes/s/samyak09/.local/perlmutter/python-3.11/lib/python3.11/site-packages (from torch) (12.1.105)
Requirement already satisfied: nvidia-cudnn-cu12==9.1.0.70 in /global/homes/s/samyak09/.local/perlmutter/python-3.11/lib/python3.11/site-packages (from torch) (9.1.0.70)
Requirement already satisfied: nvidia-cublas-cu12==12.1.3.1 in /global/homes/s/samyak09/.local/perlmutter/python-3.11/lib/python3.11/site-packages (from torch) (12.1.3.1)
Requirement already satisfied: nvidia-cufft-cu12==11.0.2.54 in /global/homes/s/samyak09/.local/perlmutter/python-3.11/lib/python3.11/site-packages (from torch) (11.0.2.54)
Requirement already satisfied: nvidia-curand-cu12==10.3.2.106 in /global/homes/s/samyak09/.local/perlmutter/python-3.11/lib/python3.11/site-packages (from torch) (10.3.2.106)
Requirement already satisfied: nvidia-cusolver-cu12==11.4.5.107 in /global/homes/s/samyak09/.local/perlmutter/python-3.11/lib/python3.11/site-packages (from torch) (11.4.5.107)
Requirement already satisfied: nvidia-cusparse-cu12==12.1.0.106 in /global/homes/s/samyak09/.local/perlmutter/python-3.11/lib/python3.11/site-packages (from torch) (12.1.0.106)
Requirement already satisfied: nvidia-nccl-cu12==2.20.5 in /global/homes/s/samyak09/.local/perlmutter/python-3.11/lib/python3.11/site-packages (from torch) (2.20.5)
Requirement already satisfied: nvidia-nvtx-cu12==12.1.105 in /global/homes/s/samyak09/.local/perlmutter/python-3.11/lib/python3.11/site-packages (from torch) (12.1.105)
Requirement already satisfied: triton==3.0.0 in /global/homes/s/samyak09/.local/perlmutter/python-3.11/lib/python3.11/site-packages (from torch) (3.0.0)
Requirement already satisfied: nvidia-nvjitlink-cu12 in /global/homes/s/samyak09/.local/perlmutter/python-3.11/lib/python3.11/site-packages (from nvidia-cusolver-cu12==11.4.5.107->torch) (12.6.68)
Requirement already satisfied: MarkupSafe>=2.0 in /global/common/software/nersc/pe/conda-envs/24.1.0/python-3.11/nersc-python/lib/python3.11/site-packages (from jinja2->torch) (2.1.3)
Requirement already satisfied: mpmath>=0.19 in /global/common/software/nersc/pe/conda-envs/24.1.0/python-3.11/nersc-python/lib/python3.11/site-packages (from sympy->torch) (1.3.0)
Defaulting to user installation because normal site-packages is not writeable
Requirement already satisfied: deap in /global/homes/s/samyak09/.local/perlmutter/python-3.11/lib/python3.11/site-packages (1.4.1)
Requirement already satisfied: numpy in /global/common/software/nersc/pe/conda-envs/24.1.0/python-3.11/nersc-python/lib/python3.11/site-packages (from deap) (1.26.3)
False
False
Currently running file index :-  7
1000000
Length of seed expression array :- 67
num_cores  128
67 64
gen	nevals	avg       	std        	min      	max  
0  	0     	1.7841e+12	1.25817e+13	0.0408387	1e+14
1  	62    	inf       	nan        	0.00897838	inf  
2  	70    	inf       	nan        	0.00530045	inf  
3  	69    	2.3523e+12	1.33757e+13	0.00530045	7.841e+13
4  	56    	inf       	nan        	0.00530045	inf      
5  	70    	9.03766e+25	8.99236e+26	0.00506821	9.03766e+27
6  	59    	2.58377e+21	2.34535e+22	0.00337226	2.34771e+23
7  	57    	4.03166e+23	3.71836e+24	0.00337226	3.73602e+25
8  	61    	5.88796e+34	5.85844e+35	0.00337226	5.88796e+36
9  	58    	inf        	nan        	0.00278365	inf        
10 	64    	inf        	nan        	0.00262976	inf        
11 	65    	inf        	nan        	0.00239595	inf        
12 	56    	inf        	nan        	0.00239595	inf        
13 	61    	6.21984e+18	6.18866e+19	0.00239595	6.21984e+20
14 	72    	1.24043e+22	1.23421e+23	0.00239595	1.24043e+24
15 	59    	inf        	nan        	0.00239499	inf        
Best individual: protected_div(cos(abs(protected_sqrt(sub(4, abs(tan(2)))))), 4)
Fitness: (0.0023949920994589926,)
R2_score: 0.9999499523578567
Currently running file index :-  8
1000000
Length of seed expression array :- 75
num_cores  128
75 65
gen	nevals	avg        	std        	min    	max        
0  	0     	7.82349e+11	7.78427e+12	10.2564	7.82349e+13
1  	59    	1.64705e+83	1.19277e+84	10.2564	1.03967e+85
2  	73    	2.17342e+61	2.16253e+62	10.2564	2.17342e+63
3  	67    	5855.74    	54004      	10.2564	542566     
4  	57    	inf        	nan        	10.2564	inf        
5  	69    	inf        	nan        	10.2564	inf        
6  	65    	2.41733e+09	2.40519e+10	10.2564	2.41731e+11
7  	58    	723.199    	4170.01    	10.2564	31546.3    
8  	56    	1.71676e+83	1.70815e+84	6.84077	1.71676e+85
9  	54    	2.56499e+12	2.55213e+13	6.84077	2.56499e+14
10 	67    	8.22052e+09	8.17932e+10	10.2564	8.22052e+11
11 	59    	4406.86    	43266.3    	10.2564	434899     
12 	56    	2.23231e+11	2.22112e+12	10.2564	2.23231e+13
13 	61    	8.14147e+12	7.87943e+13	10.2564	7.91823e+14
14 	67    	1.22323e+12	1.01729e+13	10.2564	1e+14      
15 	63    	inf        	nan        	10.2564	inf        
Best individual: mul(add(s_2, abs(s_2)), protected_log(s_1))
Fitness: (6.840766391467633,)
R2_score: 0.9999865098001876
Currently running file index :-  9
1000000
Length of seed expression array :- 75
num_cores  128
75 73
gen	nevals	avg        	std        	min    	max        
0  	0     	7.83948e+11	7.80019e+12	70.0379	7.83948e+13
1  	61    	inf        	nan        	70.0379	inf        
2  	64    	inf        	nan        	70.0379	inf        
3  	63    	inf        	nan        	70.0379	inf        
4  	59    	inf        	nan        	69.4432	inf        
5  	70    	inf        	nan        	69.4432	inf        
6  	57    	inf        	nan        	69.4432	inf        
7  	53    	inf        	nan        	70.0379	inf        
8  	63    	inf        	nan        	70.0379	inf        
9  	67    	895.659    	5761.77    	68.0602	57012.9    
10 	72    	7.58486e+301	inf        	68.9421	7.58486e+303
11 	62    	107597      	827829     	69.4447	8.09683e+06 
12 	52    	7.77545e+82 	7.73647e+83	63.5075	7.77545e+84 
13 	49    	161058      	1.01883e+06	68.8421	8.09683e+06 
14 	61    	6.36269e+43 	6.33079e+44	68.8421	6.36269e+45 
15 	64    	105704      	640581     	66.1005	4.76533e+06 
Best individual: mul(protected_div(s_2, s_3), add(s_2, pi))
Fitness: (63.50746846850657,)
R2_score: 0.9999693590951614
