Defaulting to user installation because normal site-packages is not writeable
Requirement already satisfied: torch in /global/homes/s/samyak09/.local/perlmutter/python-3.11/lib/python3.11/site-packages (2.4.0)
Requirement already satisfied: filelock in /global/homes/s/samyak09/.local/perlmutter/python-3.11/lib/python3.11/site-packages (from torch) (3.15.4)
Requirement already satisfied: typing-extensions>=4.8.0 in /global/common/software/nersc/pe/conda-envs/24.1.0/python-3.11/nersc-python/lib/python3.11/site-packages (from torch) (4.9.0)
Requirement already satisfied: sympy in /global/common/software/nersc/pe/conda-envs/24.1.0/python-3.11/nersc-python/lib/python3.11/site-packages (from torch) (1.12)
Requirement already satisfied: networkx in /global/common/software/nersc/pe/conda-envs/24.1.0/python-3.11/nersc-python/lib/python3.11/site-packages (from torch) (3.2.1)
Requirement already satisfied: jinja2 in /global/common/software/nersc/pe/conda-envs/24.1.0/python-3.11/nersc-python/lib/python3.11/site-packages (from torch) (3.1.2)
Requirement already satisfied: fsspec in /global/common/software/nersc/pe/conda-envs/24.1.0/python-3.11/nersc-python/lib/python3.11/site-packages (from torch) (2023.12.2)
Requirement already satisfied: nvidia-cuda-nvrtc-cu12==12.1.105 in /global/homes/s/samyak09/.local/perlmutter/python-3.11/lib/python3.11/site-packages (from torch) (12.1.105)
Requirement already satisfied: nvidia-cuda-runtime-cu12==12.1.105 in /global/homes/s/samyak09/.local/perlmutter/python-3.11/lib/python3.11/site-packages (from torch) (12.1.105)
Requirement already satisfied: nvidia-cuda-cupti-cu12==12.1.105 in /global/homes/s/samyak09/.local/perlmutter/python-3.11/lib/python3.11/site-packages (from torch) (12.1.105)
Requirement already satisfied: nvidia-cudnn-cu12==9.1.0.70 in /global/homes/s/samyak09/.local/perlmutter/python-3.11/lib/python3.11/site-packages (from torch) (9.1.0.70)
Requirement already satisfied: nvidia-cublas-cu12==12.1.3.1 in /global/homes/s/samyak09/.local/perlmutter/python-3.11/lib/python3.11/site-packages (from torch) (12.1.3.1)
Requirement already satisfied: nvidia-cufft-cu12==11.0.2.54 in /global/homes/s/samyak09/.local/perlmutter/python-3.11/lib/python3.11/site-packages (from torch) (11.0.2.54)
Requirement already satisfied: nvidia-curand-cu12==10.3.2.106 in /global/homes/s/samyak09/.local/perlmutter/python-3.11/lib/python3.11/site-packages (from torch) (10.3.2.106)
Requirement already satisfied: nvidia-cusolver-cu12==11.4.5.107 in /global/homes/s/samyak09/.local/perlmutter/python-3.11/lib/python3.11/site-packages (from torch) (11.4.5.107)
Requirement already satisfied: nvidia-cusparse-cu12==12.1.0.106 in /global/homes/s/samyak09/.local/perlmutter/python-3.11/lib/python3.11/site-packages (from torch) (12.1.0.106)
Requirement already satisfied: nvidia-nccl-cu12==2.20.5 in /global/homes/s/samyak09/.local/perlmutter/python-3.11/lib/python3.11/site-packages (from torch) (2.20.5)
Requirement already satisfied: nvidia-nvtx-cu12==12.1.105 in /global/homes/s/samyak09/.local/perlmutter/python-3.11/lib/python3.11/site-packages (from torch) (12.1.105)
Requirement already satisfied: triton==3.0.0 in /global/homes/s/samyak09/.local/perlmutter/python-3.11/lib/python3.11/site-packages (from torch) (3.0.0)
Requirement already satisfied: nvidia-nvjitlink-cu12 in /global/homes/s/samyak09/.local/perlmutter/python-3.11/lib/python3.11/site-packages (from nvidia-cusolver-cu12==11.4.5.107->torch) (12.6.68)
Requirement already satisfied: MarkupSafe>=2.0 in /global/common/software/nersc/pe/conda-envs/24.1.0/python-3.11/nersc-python/lib/python3.11/site-packages (from jinja2->torch) (2.1.3)
Requirement already satisfied: mpmath>=0.19 in /global/common/software/nersc/pe/conda-envs/24.1.0/python-3.11/nersc-python/lib/python3.11/site-packages (from sympy->torch) (1.3.0)
Defaulting to user installation because normal site-packages is not writeable
Requirement already satisfied: deap in /global/homes/s/samyak09/.local/perlmutter/python-3.11/lib/python3.11/site-packages (1.4.1)
Requirement already satisfied: numpy in /global/common/software/nersc/pe/conda-envs/24.1.0/python-3.11/nersc-python/lib/python3.11/site-packages (from deap) (1.26.3)
current file index :-  8
1000000
Cycle 1/4
Length of seed expression array :- 75
num_cores  128
75 65
gen	nevals	avg        	std        	min    	max        
0  	0     	7.82349e+11	7.78427e+12	10.2564	7.82349e+13
1  	70    	1.08842e+84	1.07889e+85	10.2564	1.08436e+86
2  	64    	8.85118e+79	8.80681e+80	10.2564	8.85118e+81
3  	74    	1.48239e+06	1.47158e+07	10.2564	1.47903e+08
4  	54    	inf        	nan        	10.2564	inf        
5  	70    	3.47761e+06	2.47117e+07	10.2564	2.04095e+08
6  	57    	8.9572e+31 	8.9123e+32 	10.2564	8.9572e+33 
7  	54    	2892.44    	15481.4    	7.55393	111676     
Best individual: mul(s_2, protected_div(s_1, tan(1)))
Fitness: (7.5539257254040235,)
R2_score with noisy data: 0.9999851034282459
R2_score with original data: 0.9999851034282459
best :-  mul(s_2, protected_div(s_1, tan(1)))
GENERATING PREFERENCE PAIRS
1334
TRAINING THE TRANSFORMER
TESTING
Epoch [1/10], TEST Loss: 0.4611587354829952
TRAINING THE TRANSFORMER
TESTING
Epoch [2/10], TEST Loss: 0.4140661060810089
TRAINING THE TRANSFORMER
TESTING
Epoch [3/10], TEST Loss: 0.38021464410946887
TRAINING THE TRANSFORMER
TESTING
Epoch [4/10], TEST Loss: 0.3583973385741128
TRAINING THE TRANSFORMER
TESTING
Epoch [5/10], TEST Loss: 0.3542977118683951
TRAINING THE TRANSFORMER
TESTING
Epoch [6/10], TEST Loss: 0.35279668082219007
TRAINING THE TRANSFORMER
TESTING
Epoch [7/10], TEST Loss: 0.351342421282194
TRAINING THE TRANSFORMER
TESTING
Epoch [8/10], TEST Loss: 0.3499899383342422
TRAINING THE TRANSFORMER
TESTING
Epoch [9/10], TEST Loss: 0.34986731225847084
TRAINING THE TRANSFORMER
TESTING
Epoch [10/10], TEST Loss: 0.34981033958689267
Cycle 2/4
Length of seed expression array :- 50
num_cores  128
50 50
gen	nevals	avg        	std        	min    	max        
0  	0     	7.91499e+11	7.87531e+12	10.2564	7.91499e+13
1  	54    	1.03461e+82	1.02943e+83	10.2564	1.03461e+84
2  	60    	63319.2    	604620     	10.2564	6.07776e+06
3  	60    	15969.2    	80749.2    	10.2564	486272     
4  	66    	1.2802e+83 	1.27378e+84	10.2564	1.2802e+85 
5  	49    	5956.61    	37989.9    	10.2564	277971     
6  	66    	inf        	nan        	10.2564	inf        
7  	67    	1.7437e+28 	1.73496e+29	8.8094 	1.7437e+30 
Best individual: mul(s_2, mul(protected_div(s_2, pi), protected_sqrt(s_1)))
Fitness: (8.809402121141753,)
R2_score with noisy data: 0.9999826275905299
R2_score with original data: 0.9999826275905299
best :-  mul(s_2, mul(protected_div(s_2, pi), protected_sqrt(s_1)))
GENERATING PREFERENCE PAIRS
1506
TRAINING THE TRANSFORMER
TESTING
Epoch [1/10], TEST Loss: 0.1287207695807091
TRAINING THE TRANSFORMER
TESTING
Epoch [2/10], TEST Loss: 0.11946394560639394
TRAINING THE TRANSFORMER
TESTING
Epoch [3/10], TEST Loss: 0.1184725414904307
TRAINING THE TRANSFORMER
TESTING
Epoch [4/10], TEST Loss: 0.09882869931521106
TRAINING THE TRANSFORMER
TESTING
Epoch [5/10], TEST Loss: 0.09665865533637408
TRAINING THE TRANSFORMER
TESTING
Epoch [6/10], TEST Loss: 0.09537952172686985
TRAINING THE TRANSFORMER
TESTING
Epoch [7/10], TEST Loss: 0.09603414441174654
TRAINING THE TRANSFORMER
TESTING
Epoch [8/10], TEST Loss: 0.09620632512870646
TRAINING THE TRANSFORMER
TESTING
Epoch [9/10], TEST Loss: 0.0962691238701398
TRAINING THE TRANSFORMER
TESTING
Epoch [10/10], TEST Loss: 0.09599858774258856
Cycle 3/4
Length of seed expression array :- 25
num_cores  128
25 25
gen	nevals	avg        	std        	min    	max        
0  	0     	1.03461e+82	1.02943e+83	10.2564	1.03461e+84
1  	68    	9.64144e+74	9.59311e+75	10.2564	9.64144e+76
2  	69    	3.01209e+14	2.94548e+15	10.2564	2.96039e+16
3  	58    	5.17033e+12	5.14441e+13	10.2564	5.17033e+14
4  	61    	821.317    	4607.96    	10.2564	37577.1    
5  	54    	3.48097e+81	3.46352e+82	10.2564	3.48097e+83
6  	61    	5.33549e+11	5.30875e+12	10.2564	5.33549e+13
7  	63    	9.52139e+11	9.47366e+12	10.2564	9.52139e+13
Best individual: mul(s_1, s_2)
Fitness: (10.256434922698626,)
R2_score with noisy data: 0.9999797739977435
R2_score with original data: 0.9999797739977535
best :-  mul(s_1, s_2)
GENERATING PREFERENCE PAIRS
1416
TRAINING THE TRANSFORMER
TESTING
Epoch [1/10], TEST Loss: 0.04672751199700026
TRAINING THE TRANSFORMER
TESTING
Epoch [2/10], TEST Loss: 0.04681597923154147
TRAINING THE TRANSFORMER
TESTING
Epoch [3/10], TEST Loss: 0.025468278316846494
TRAINING THE TRANSFORMER
TESTING
Epoch [4/10], TEST Loss: 0.037385265900407944
TRAINING THE TRANSFORMER
TESTING
Epoch [5/10], TEST Loss: 0.040548253846912616
TRAINING THE TRANSFORMER
TESTING
Epoch [6/10], TEST Loss: 0.03829286001256241
TRAINING THE TRANSFORMER
TESTING
Epoch [7/10], TEST Loss: 0.0434544701746396
TRAINING THE TRANSFORMER
TESTING
Epoch [8/10], TEST Loss: 0.042915315409886676
TRAINING THE TRANSFORMER
TESTING
Epoch [9/10], TEST Loss: 0.043831965705391086
TRAINING THE TRANSFORMER
TESTING
Epoch [10/10], TEST Loss: 0.044367069836297436
Cycle 4/4
Length of seed expression array :- 25
num_cores  128
25 25
gen	nevals	avg        	std        	min    	max        
0  	0     	3.72924e+81	3.71055e+82	10.2564	3.72924e+83
1  	78    	1.2387e+24 	1.23249e+25	10.2564	1.2387e+26 
2  	57    	5.002e+11  	4.97692e+12	10.2564	5.002e+13  
3  	53    	913.809    	8713.21    	10.2564	87608.7    
4  	55    	inf        	nan        	10.2564	inf        
5  	55    	2.79303e+15	2.77903e+16	10.2564	2.79303e+17
6  	57    	3749.86    	29571.2    	10.2564	294911     
7  	62    	98323.3    	782237     	10.2564	7.60168e+06
Best individual: mul(s_1, s_2)
Fitness: (10.256434922698626,)
R2_score with noisy data: 0.9999797739977435
R2_score with original data: 0.9999797739977535
best :-  mul(s_1, s_2)
GENERATING PREFERENCE PAIRS
1490
TRAINING THE TRANSFORMER
TESTING
Epoch [1/10], TEST Loss: 0.23277415339600574
TRAINING THE TRANSFORMER
TESTING
Epoch [2/10], TEST Loss: 0.12715989027792443
TRAINING THE TRANSFORMER
TESTING
Epoch [3/10], TEST Loss: 0.08780591559569234
TRAINING THE TRANSFORMER
TESTING
Epoch [4/10], TEST Loss: 0.22375267929983322
TRAINING THE TRANSFORMER
TESTING
Epoch [5/10], TEST Loss: 0.0926667414447527
TRAINING THE TRANSFORMER
TESTING
Epoch [6/10], TEST Loss: 0.08307429138562117
TRAINING THE TRANSFORMER
TESTING
Epoch [7/10], TEST Loss: 0.06144092163753957
TRAINING THE TRANSFORMER
TESTING
Epoch [8/10], TEST Loss: 0.04366723271796212
TRAINING THE TRANSFORMER
TESTING
Epoch [9/10], TEST Loss: 0.045815136341177835
TRAINING THE TRANSFORMER
TESTING
Epoch [10/10], TEST Loss: 0.046313965454989586
current file index :-  9
1000000
Cycle 1/4
Length of seed expression array :- 75
num_cores  128
75 73
gen	nevals	avg        	std        	min        	max        
0  	0     	7.83948e+11	7.80019e+12	1.07377e-12	7.83948e+13
1  	59    	inf        	nan        	1.07377e-12	inf        
2  	63    	8.85395e+30	8.80957e+31	1.07377e-12	8.85395e+32
3  	59    	9.30857e+200	inf        	1.07377e-12	9.30857e+202
4  	56    	1.92157e+198	inf        	1.07377e-12	1.92157e+200
5  	63    	7.92005e+154	inf        	1.07377e-12	3.96002e+156
6  	64    	2.6108e+75  	2.59771e+76	1.07377e-12	2.6108e+77  
7  	63    	1.77079e+31 	1.23955e+32	1.07377e-12	8.85395e+32 
Best individual: mul(mul(mul(s_1, s_2), s_4), protected_pow(s_3, -1))
Fitness: (1.073769667596412e-12,)
R2_score with noisy data: 1.0
R2_score with original data: 1.0
best :-  mul(mul(mul(s_1, s_2), s_4), protected_pow(s_3, -1))
GENERATING PREFERENCE PAIRS
0
